This is pdfTeX, Version 3.141592653-2.6-1.40.24 (MiKTeX 22.3) (preloaded format=pdflatex 2022.5.15)  18 JUN 2022 10:26
entering extended mode
 restricted \write18 enabled.
 %&-line parsing enabled.
**"./–û—Ç—á–µ—Ç –ø–æ –ø—Ä–∞–∫—Ç–∏–∫–µ.tex"
(–û—Ç—á–µ—Ç –ø–æ –ø—Ä–∞–∫—Ç–∏–∫–µ.tex
LaTeX2e <2021-11-15> patch level 1
L3 programming layer <2022-02-24>
(C:\–ü—Ä–∏–ª–æ–∂–µ–Ω–∏—è\TeX\tex/latex/base\article.cls
Document Class: article 2021/10/04 v1.4n Standard LaTeX document class
(C:\–ü—Ä–∏–ª–æ–∂–µ–Ω–∏—è\TeX\tex/latex/base\size12.clo
File: size12.clo 2021/10/04 v1.4n Standard LaTeX file (size option)
)
\c@part=\count185
\c@section=\count186
\c@subsection=\count187
\c@subsubsection=\count188
\c@paragraph=\count189
\c@subparagraph=\count190
\c@figure=\count191
\c@table=\count192
\abovecaptionskip=\skip47
\belowcaptionskip=\skip48
\bibindent=\dimen138
)
(C:\–ü—Ä–∏–ª–æ–∂–µ–Ω–∏—è\TeX\tex/latex/base\inputenc.sty
Package: inputenc 2021/02/14 v1.3d Input encoding file
\inpenc@prehook=\toks16
\inpenc@posthook=\toks17
)
(C:\–ü—Ä–∏–ª–æ–∂–µ–Ω–∏—è\TeX\tex/latex/base\fontenc.sty
Package: fontenc 2021/04/29 v2.0v Standard LaTeX package
)
(C:\–ü—Ä–∏–ª–æ–∂–µ–Ω–∏—è\TeX\tex/generic/babel\babel.sty
Package: babel 2022/02/26 3.73 The Babel package
\babel@savecnt=\count193
\U@D=\dimen139
\l@unhyphenated=\language79

(C:\–ü—Ä–∏–ª–æ–∂–µ–Ω–∏—è\TeX\tex/generic/babel\txtbabel.def)
\bbl@readstream=\read2
\bbl@dirlevel=\count194

*************************************
* Local config file bblopts.cfg used
*
(C:\–ü—Ä–∏–ª–æ–∂–µ–Ω–∏—è\TeX\tex/latex/arabi\bblopts.cfg
File: bblopts.cfg 2005/09/08 v0.1 add Arabic and Farsi to "declared" options of
 babel
)
(C:\–ü—Ä–∏–ª–æ–∂–µ–Ω–∏—è\TeX\tex/latex/babel-russian\russianb.ldf
File: russianb.ldf 2021/01/10 1.3m Russian support for the Babel system
Language: russian 2020/09/09 1.3k Russian support for the Babel system


Package babel Warning: No Cyrillic font encoding has been loaded so far.
(babel)                A font encoding should be declared before babel.
(babel)                Default `T2A' encoding will be loaded  on input line 78.


(C:\–ü—Ä–∏–ª–æ–∂–µ–Ω–∏—è\TeX\tex/latex/cyrillic\t2aenc.def
File: t2aenc.def 2005/09/27 v1.0i Cyrillic encoding definition file
Now handling font encoding T2A ...
... processing UTF-8 mapping file for font encoding T2A

(C:\–ü—Ä–∏–ª–æ–∂–µ–Ω–∏—è\TeX\tex/latex/base\t2aenc.dfu
File: t2aenc.dfu 2021/06/21 v1.2n UTF-8 support
   defining Unicode char U+00A4 (decimal 164)
   defining Unicode char U+00A7 (decimal 167)
   defining Unicode char U+00AB (decimal 171)
   defining Unicode char U+00BB (decimal 187)
   defining Unicode char U+0131 (decimal 305)
   defining Unicode char U+0237 (decimal 567)
   defining Unicode char U+0400 (decimal 1024)
   defining Unicode char U+0401 (decimal 1025)
   defining Unicode char U+0402 (decimal 1026)
   defining Unicode char U+0403 (decimal 1027)
   defining Unicode char U+0404 (decimal 1028)
   defining Unicode char U+0405 (decimal 1029)
   defining Unicode char U+0406 (decimal 1030)
   defining Unicode char U+0407 (decimal 1031)
   defining Unicode char U+0408 (decimal 1032)
   defining Unicode char U+0409 (decimal 1033)
   defining Unicode char U+040A (decimal 1034)
   defining Unicode char U+040B (decimal 1035)
   defining Unicode char U+040C (decimal 1036)
   defining Unicode char U+040D (decimal 1037)
   defining Unicode char U+040E (decimal 1038)
   defining Unicode char U+040F (decimal 1039)
   defining Unicode char U+0410 (decimal 1040)
   defining Unicode char U+0411 (decimal 1041)
   defining Unicode char U+0412 (decimal 1042)
   defining Unicode char U+0413 (decimal 1043)
   defining Unicode char U+0414 (decimal 1044)
   defining Unicode char U+0415 (decimal 1045)
   defining Unicode char U+0416 (decimal 1046)
   defining Unicode char U+0417 (decimal 1047)
   defining Unicode char U+0418 (decimal 1048)
   defining Unicode char U+0419 (decimal 1049)
   defining Unicode char U+041A (decimal 1050)
   defining Unicode char U+041B (decimal 1051)
   defining Unicode char U+041C (decimal 1052)
   defining Unicode char U+041D (decimal 1053)
   defining Unicode char U+041E (decimal 1054)
   defining Unicode char U+041F (decimal 1055)
   defining Unicode char U+0420 (decimal 1056)
   defining Unicode char U+0421 (decimal 1057)
   defining Unicode char U+0422 (decimal 1058)
   defining Unicode char U+0423 (decimal 1059)
   defining Unicode char U+0424 (decimal 1060)
   defining Unicode char U+0425 (decimal 1061)
   defining Unicode char U+0426 (decimal 1062)
   defining Unicode char U+0427 (decimal 1063)
   defining Unicode char U+0428 (decimal 1064)
   defining Unicode char U+0429 (decimal 1065)
   defining Unicode char U+042A (decimal 1066)
   defining Unicode char U+042B (decimal 1067)
   defining Unicode char U+042C (decimal 1068)
   defining Unicode char U+042D (decimal 1069)
   defining Unicode char U+042E (decimal 1070)
   defining Unicode char U+042F (decimal 1071)
   defining Unicode char U+0430 (decimal 1072)
   defining Unicode char U+0431 (decimal 1073)
   defining Unicode char U+0432 (decimal 1074)
   defining Unicode char U+0433 (decimal 1075)
   defining Unicode char U+0434 (decimal 1076)
   defining Unicode char U+0435 (decimal 1077)
   defining Unicode char U+0436 (decimal 1078)
   defining Unicode char U+0437 (decimal 1079)
   defining Unicode char U+0438 (decimal 1080)
   defining Unicode char U+0439 (decimal 1081)
   defining Unicode char U+043A (decimal 1082)
   defining Unicode char U+043B (decimal 1083)
   defining Unicode char U+043C (decimal 1084)
   defining Unicode char U+043D (decimal 1085)
   defining Unicode char U+043E (decimal 1086)
   defining Unicode char U+043F (decimal 1087)
   defining Unicode char U+0440 (decimal 1088)
   defining Unicode char U+0441 (decimal 1089)
   defining Unicode char U+0442 (decimal 1090)
   defining Unicode char U+0443 (decimal 1091)
   defining Unicode char U+0444 (decimal 1092)
   defining Unicode char U+0445 (decimal 1093)
   defining Unicode char U+0446 (decimal 1094)
   defining Unicode char U+0447 (decimal 1095)
   defining Unicode char U+0448 (decimal 1096)
   defining Unicode char U+0449 (decimal 1097)
   defining Unicode char U+044A (decimal 1098)
   defining Unicode char U+044B (decimal 1099)
   defining Unicode char U+044C (decimal 1100)
   defining Unicode char U+044D (decimal 1101)
   defining Unicode char U+044E (decimal 1102)
   defining Unicode char U+044F (decimal 1103)
   defining Unicode char U+0450 (decimal 1104)
   defining Unicode char U+0451 (decimal 1105)
   defining Unicode char U+0452 (decimal 1106)
   defining Unicode char U+0453 (decimal 1107)
   defining Unicode char U+0454 (decimal 1108)
   defining Unicode char U+0455 (decimal 1109)
   defining Unicode char U+0456 (decimal 1110)
   defining Unicode char U+0457 (decimal 1111)
   defining Unicode char U+0458 (decimal 1112)
   defining Unicode char U+0459 (decimal 1113)
   defining Unicode char U+045A (decimal 1114)
   defining Unicode char U+045B (decimal 1115)
   defining Unicode char U+045C (decimal 1116)
   defining Unicode char U+045D (decimal 1117)
   defining Unicode char U+045E (decimal 1118)
   defining Unicode char U+045F (decimal 1119)
   defining Unicode char U+0490 (decimal 1168)
   defining Unicode char U+0491 (decimal 1169)
   defining Unicode char U+0492 (decimal 1170)
   defining Unicode char U+0493 (decimal 1171)
   defining Unicode char U+0496 (decimal 1174)
   defining Unicode char U+0497 (decimal 1175)
   defining Unicode char U+0498 (decimal 1176)
   defining Unicode char U+0499 (decimal 1177)
   defining Unicode char U+049A (decimal 1178)
   defining Unicode char U+049B (decimal 1179)
   defining Unicode char U+049C (decimal 1180)
   defining Unicode char U+049D (decimal 1181)
   defining Unicode char U+04A0 (decimal 1184)
   defining Unicode char U+04A1 (decimal 1185)
   defining Unicode char U+04A2 (decimal 1186)
   defining Unicode char U+04A3 (decimal 1187)
   defining Unicode char U+04A4 (decimal 1188)
   defining Unicode char U+04A5 (decimal 1189)
   defining Unicode char U+04AA (decimal 1194)
   defining Unicode char U+04AB (decimal 1195)
   defining Unicode char U+04AE (decimal 1198)
   defining Unicode char U+04AF (decimal 1199)
   defining Unicode char U+04B0 (decimal 1200)
   defining Unicode char U+04B1 (decimal 1201)
   defining Unicode char U+04B2 (decimal 1202)
   defining Unicode char U+04B3 (decimal 1203)
   defining Unicode char U+04B6 (decimal 1206)
   defining Unicode char U+04B7 (decimal 1207)
   defining Unicode char U+04B8 (decimal 1208)
   defining Unicode char U+04B9 (decimal 1209)
   defining Unicode char U+04BA (decimal 1210)
   defining Unicode char U+04BB (decimal 1211)
   defining Unicode char U+04C0 (decimal 1216)
   defining Unicode char U+04C1 (decimal 1217)
   defining Unicode char U+04C2 (decimal 1218)
   defining Unicode char U+04D0 (decimal 1232)
   defining Unicode char U+04D1 (decimal 1233)
   defining Unicode char U+04D2 (decimal 1234)
   defining Unicode char U+04D3 (decimal 1235)
   defining Unicode char U+04D4 (decimal 1236)
   defining Unicode char U+04D5 (decimal 1237)
   defining Unicode char U+04D6 (decimal 1238)
   defining Unicode char U+04D7 (decimal 1239)
   defining Unicode char U+04D8 (decimal 1240)
   defining Unicode char U+04D9 (decimal 1241)
   defining Unicode char U+04DA (decimal 1242)
   defining Unicode char U+04DB (decimal 1243)
   defining Unicode char U+04DC (decimal 1244)
   defining Unicode char U+04DD (decimal 1245)
   defining Unicode char U+04DE (decimal 1246)
   defining Unicode char U+04DF (decimal 1247)
   defining Unicode char U+04E2 (decimal 1250)
   defining Unicode char U+04E3 (decimal 1251)
   defining Unicode char U+04E4 (decimal 1252)
   defining Unicode char U+04E5 (decimal 1253)
   defining Unicode char U+04E6 (decimal 1254)
   defining Unicode char U+04E7 (decimal 1255)
   defining Unicode char U+04E8 (decimal 1256)
   defining Unicode char U+04E9 (decimal 1257)
   defining Unicode char U+04EC (decimal 1260)
   defining Unicode char U+04ED (decimal 1261)
   defining Unicode char U+04EE (decimal 1262)
   defining Unicode char U+04EF (decimal 1263)
   defining Unicode char U+04F0 (decimal 1264)
   defining Unicode char U+04F1 (decimal 1265)
   defining Unicode char U+04F2 (decimal 1266)
   defining Unicode char U+04F3 (decimal 1267)
   defining Unicode char U+04F4 (decimal 1268)
   defining Unicode char U+04F5 (decimal 1269)
   defining Unicode char U+04F8 (decimal 1272)
   defining Unicode char U+04F9 (decimal 1273)
   defining Unicode char U+200C (decimal 8204)
   defining Unicode char U+2013 (decimal 8211)
   defining Unicode char U+2014 (decimal 8212)
   defining Unicode char U+2018 (decimal 8216)
   defining Unicode char U+2019 (decimal 8217)
   defining Unicode char U+201C (decimal 8220)
   defining Unicode char U+201D (decimal 8221)
   defining Unicode char U+201E (decimal 8222)
   defining Unicode char U+2030 (decimal 8240)
   defining Unicode char U+2031 (decimal 8241)
   defining Unicode char U+2116 (decimal 8470)
   defining Unicode char U+2329 (decimal 9001)
   defining Unicode char U+232A (decimal 9002)
   defining Unicode char U+2423 (decimal 9251)
   defining Unicode char U+27E8 (decimal 10216)
   defining Unicode char U+27E9 (decimal 10217)
   defining Unicode char U+FB00 (decimal 64256)
   defining Unicode char U+FB01 (decimal 64257)
   defining Unicode char U+FB02 (decimal 64258)
   defining Unicode char U+FB03 (decimal 64259)
   defining Unicode char U+FB04 (decimal 64260)
   defining Unicode char U+FB05 (decimal 64261)
   defining Unicode char U+FB06 (decimal 64262)
))
Package babel Info: Making " an active character on input line 124.
Package babel Info: Default for \cyrdash is provided on input line 163.
))
(style/fn2kursstyle.sty

LaTeX Warning: You have requested package `./style/fn2kursstyle',
               but the package provides `fn2kursstyle'.

Package: fn2kursstyle 19/03/2022 V.2.3. fn2kursstyle. Marchevsky Ilia
(C:\–ü—Ä–∏–ª–æ–∂–µ–Ω–∏—è\TeX\tex/latex/amsfonts\amssymb.sty
Package: amssymb 2013/01/14 v3.01 AMS font symbols

(C:\–ü—Ä–∏–ª–æ–∂–µ–Ω–∏—è\TeX\tex/latex/amsfonts\amsfonts.sty
Package: amsfonts 2013/01/14 v3.01 Basic AMSFonts support
\@emptytoks=\toks18
\symAMSa=\mathgroup4
\symAMSb=\mathgroup5
LaTeX Font Info:    Redeclaring math symbol \hbar on input line 98.
LaTeX Font Info:    Overwriting math alphabet `\mathfrak' in version `bold'
(Font)                  U/euf/m/n --> U/euf/b/n on input line 106.
))
(C:\–ü—Ä–∏–ª–æ–∂–µ–Ω–∏—è\TeX\tex/latex/amsmath\amsmath.sty
Package: amsmath 2021/10/15 v2.17l AMS math features
\@mathmargin=\skip49

For additional information on amsmath, use the `?' option.
(C:\–ü—Ä–∏–ª–æ–∂–µ–Ω–∏—è\TeX\tex/latex/amsmath\amstext.sty
Package: amstext 2021/08/26 v2.01 AMS text

(C:\–ü—Ä–∏–ª–æ–∂–µ–Ω–∏—è\TeX\tex/latex/amsmath\amsgen.sty
File: amsgen.sty 1999/11/30 v2.0 generic functions
\@emptytoks=\toks19
\ex@=\dimen140
))
(C:\–ü—Ä–∏–ª–æ–∂–µ–Ω–∏—è\TeX\tex/latex/amsmath\amsbsy.sty
Package: amsbsy 1999/11/29 v1.2d Bold Symbols
\pmbraise@=\dimen141
)
(C:\–ü—Ä–∏–ª–æ–∂–µ–Ω–∏—è\TeX\tex/latex/amsmath\amsopn.sty
Package: amsopn 2021/08/26 v2.02 operator names
)
\inf@bad=\count195
LaTeX Info: Redefining \frac on input line 234.
\uproot@=\count196
\leftroot@=\count197
LaTeX Info: Redefining \overline on input line 399.
\classnum@=\count198
\DOTSCASE@=\count199
LaTeX Info: Redefining \ldots on input line 496.
LaTeX Info: Redefining \dots on input line 499.
LaTeX Info: Redefining \cdots on input line 620.
\Mathstrutbox@=\box50
\strutbox@=\box51
\big@size=\dimen142
LaTeX Font Info:    Redeclaring font encoding OML on input line 743.
LaTeX Font Info:    Redeclaring font encoding OMS on input line 744.
\macc@depth=\count266
\c@MaxMatrixCols=\count267
\dotsspace@=\muskip16
\c@parentequation=\count268
\dspbrk@lvl=\count269
\tag@help=\toks20
\row@=\count270
\column@=\count271
\maxfields@=\count272
\andhelp@=\toks21
\eqnshift@=\dimen143
\alignsep@=\dimen144
\tagshift@=\dimen145
\tagwidth@=\dimen146
\totwidth@=\dimen147
\lineht@=\dimen148
\@envbody=\toks22
\multlinegap=\skip50
\multlinetaggap=\skip51
\mathdisplay@stack=\toks23
LaTeX Info: Redefining \[ on input line 2938.
LaTeX Info: Redefining \] on input line 2939.
)
(C:\–ü—Ä–∏–ª–æ–∂–µ–Ω–∏—è\TeX\tex/latex/cite\cite.sty
LaTeX Info: Redefining \cite on input line 302.
LaTeX Info: Redefining \nocite on input line 332.
Package: cite 2015/02/27  v 5.5
)
(C:\–ü—Ä–∏–ª–æ–∂–µ–Ω–∏—è\TeX\tex/latex/caption\caption.sty
Package: caption 2022/03/01 v3.6b Customizing captions (AR)

(C:\–ü—Ä–∏–ª–æ–∂–µ–Ω–∏—è\TeX\tex/latex/caption\caption3.sty
Package: caption3 2022/03/17 v2.3b caption3 kernel (AR)

(C:\–ü—Ä–∏–ª–æ–∂–µ–Ω–∏—è\TeX\tex/latex/graphics\keyval.sty
Package: keyval 2014/10/28 v1.15 key=value parser (DPC)
\KV@toks@=\toks24
)
\caption@tempdima=\dimen149
\captionmargin=\dimen150
\caption@leftmargin=\dimen151
\caption@rightmargin=\dimen152
\caption@width=\dimen153
\caption@indent=\dimen154
\caption@parindent=\dimen155
\caption@hangindent=\dimen156
Package caption Info: Standard document class detected.
)
\c@caption@flags=\count273
\c@continuedfloat=\count274
)
(C:\–ü—Ä–∏–ª–æ–∂–µ–Ω–∏—è\TeX\tex/latex/cmap\cmap.sty
Package: cmap 2021/02/06 v1.0j CMap support: searchable PDF


Package cmap Warning: fontenc already loaded - some fonts may be unprocessed.

) (C:\–ü—Ä–∏–ª–æ–∂–µ–Ω–∏—è\TeX\tex/latex/tools\bm.sty
Package: bm 2021/04/25 v1.2e Bold Symbol Support (DPC/FMi)
\symboldoperators=\mathgroup6
\symboldletters=\mathgroup7
\symboldsymbols=\mathgroup8
Package bm Info: No bold for \OMX/cmex/m/n, using \pmb.
Package bm Info: No bold for \U/msa/m/n, using \pmb.
Package bm Info: No bold for \U/msb/m/n, using \pmb.
LaTeX Font Info:    Redeclaring math alphabet \mathbf on input line 149.
)
(C:\–ü—Ä–∏–ª–æ–∂–µ–Ω–∏—è\TeX\tex/latex/graphics\graphicx.sty
Package: graphicx 2021/09/16 v1.2d Enhanced LaTeX Graphics (DPC,SPQR)

(C:\–ü—Ä–∏–ª–æ–∂–µ–Ω–∏—è\TeX\tex/latex/graphics\graphics.sty
Package: graphics 2021/03/04 v1.4d Standard LaTeX Graphics (DPC,SPQR)

(C:\–ü—Ä–∏–ª–æ–∂–µ–Ω–∏—è\TeX\tex/latex/graphics\trig.sty
Package: trig 2021/08/11 v1.11 sin cos tan (DPC)
)
(C:\–ü—Ä–∏–ª–æ–∂–µ–Ω–∏—è\TeX\tex/latex/graphics-cfg\graphics.cfg
File: graphics.cfg 2016/06/04 v1.11 sample graphics configuration
)
Package graphics Info: Driver file: pdftex.def on input line 107.

(C:\–ü—Ä–∏–ª–æ–∂–µ–Ω–∏—è\TeX\tex/latex/graphics-def\pdftex.def
File: pdftex.def 2020/10/05 v1.2a Graphics/color driver for pdftex
))
\Gin@req@height=\dimen157
\Gin@req@width=\dimen158
)
(C:\–ü—Ä–∏–ª–æ–∂–µ–Ω–∏—è\TeX\tex/latex/tools\indentfirst.sty
Package: indentfirst 1995/11/23 v1.03 Indent first paragraph (DPC)
)
(C:\–ü—Ä–∏–ª–æ–∂–µ–Ω–∏—è\TeX\tex/generic/iftex\ifpdf.sty
Package: ifpdf 2019/10/25 v3.4 ifpdf legacy package. Use iftex instead.

(C:\–ü—Ä–∏–ª–æ–∂–µ–Ω–∏—è\TeX\tex/generic/iftex\iftex.sty
Package: iftex 2022/02/03 v1.0f TeX engine tests
))
(C:\–ü—Ä–∏–ª–æ–∂–µ–Ω–∏—è\TeX\tex/generic/soulutf8\soulutf8.sty
Package: soulutf8 2019/12/15 v1.2 Permit use of UTF-8 characters in soul (HO)

(C:\–ü—Ä–∏–ª–æ–∂–µ–Ω–∏—è\TeX\tex/generic/soul\soul.sty
Package: soul 2003/11/17 v2.4 letterspacing/underlining (mf)
\SOUL@word=\toks25
\SOUL@lasttoken=\toks26
\SOUL@cmds=\toks27
\SOUL@buffer=\toks28
\SOUL@token=\toks29
\SOUL@spaceskip=\skip52
\SOUL@ttwidth=\dimen159
\SOUL@uldp=\dimen160
\SOUL@ulht=\dimen161
)
(C:\–ü—Ä–∏–ª–æ–∂–µ–Ω–∏—è\TeX\tex/generic/infwarerr\infwarerr.sty
Package: infwarerr 2019/12/03 v1.5 Providing info/warning/error messages (HO)
)
(C:\–ü—Ä–∏–ª–æ–∂–µ–Ω–∏—è\TeX\tex/generic/etexcmds\etexcmds.sty
Package: etexcmds 2019/12/15 v1.7 Avoid name clashes with e-TeX commands (HO)
))
(C:\–ü—Ä–∏–ª–æ–∂–µ–Ω–∏—è\TeX\tex/latex/hyperref\hyperref.sty
Package: hyperref 2022-02-21 v7.00n Hypertext links for LaTeX

(C:\–ü—Ä–∏–ª–æ–∂–µ–Ω–∏—è\TeX\tex/generic/ltxcmds\ltxcmds.sty
Package: ltxcmds 2020-05-10 v1.25 LaTeX kernel commands for general use (HO)
)
(C:\–ü—Ä–∏–ª–æ–∂–µ–Ω–∏—è\TeX\tex/generic/pdftexcmds\pdftexcmds.sty
Package: pdftexcmds 2020-06-27 v0.33 Utility functions of pdfTeX for LuaTeX (HO
)
Package pdftexcmds Info: \pdf@primitive is available.
Package pdftexcmds Info: \pdf@ifprimitive is available.
Package pdftexcmds Info: \pdfdraftmode found.
)
(C:\–ü—Ä–∏–ª–æ–∂–µ–Ω–∏—è\TeX\tex/generic/kvsetkeys\kvsetkeys.sty
Package: kvsetkeys 2019/12/15 v1.18 Key value parser (HO)
)
(C:\–ü—Ä–∏–ª–æ–∂–µ–Ω–∏—è\TeX\tex/generic/kvdefinekeys\kvdefinekeys.sty
Package: kvdefinekeys 2019-12-19 v1.6 Define keys (HO)
)
(C:\–ü—Ä–∏–ª–æ–∂–µ–Ω–∏—è\TeX\tex/generic/pdfescape\pdfescape.sty
Package: pdfescape 2019/12/09 v1.15 Implements pdfTeX's escape features (HO)
)
(C:\–ü—Ä–∏–ª–æ–∂–µ–Ω–∏—è\TeX\tex/latex/hycolor\hycolor.sty
Package: hycolor 2020-01-27 v1.10 Color options for hyperref/bookmark (HO)
)
(C:\–ü—Ä–∏–ª–æ–∂–µ–Ω–∏—è\TeX\tex/latex/letltxmacro\letltxmacro.sty
Package: letltxmacro 2019/12/03 v1.6 Let assignment for LaTeX macros (HO)
)
(C:\–ü—Ä–∏–ª–æ–∂–µ–Ω–∏—è\TeX\tex/latex/auxhook\auxhook.sty
Package: auxhook 2019-12-17 v1.6 Hooks for auxiliary files (HO)
)
(C:\–ü—Ä–∏–ª–æ–∂–µ–Ω–∏—è\TeX\tex/latex/kvoptions\kvoptions.sty
Package: kvoptions 2020-10-07 v3.14 Key value format for package options (HO)
)
\@linkdim=\dimen162
\Hy@linkcounter=\count275
\Hy@pagecounter=\count276

(C:\–ü—Ä–∏–ª–æ–∂–µ–Ω–∏—è\TeX\tex/latex/hyperref\pd1enc.def
File: pd1enc.def 2022-02-21 v7.00n Hyperref: PDFDocEncoding definition (HO)
Now handling font encoding PD1 ...
... no UTF-8 mapping file for font encoding PD1
)
(C:\–ü—Ä–∏–ª–æ–∂–µ–Ω–∏—è\TeX\tex/generic/intcalc\intcalc.sty
Package: intcalc 2019/12/15 v1.3 Expandable calculations with integers (HO)
)
\Hy@SavedSpaceFactor=\count277

(C:\–ü—Ä–∏–ª–æ–∂–µ–Ω–∏—è\TeX\tex/latex/hyperref\puenc.def
File: puenc.def 2022-02-21 v7.00n Hyperref: PDF Unicode definition (HO)
Now handling font encoding PU ...
... no UTF-8 mapping file for font encoding PU
)
Package hyperref Info: Option `unicode' set `true' on input line 3128.
Package hyperref Info: Hyper figures OFF on input line 4137.
Package hyperref Info: Link nesting OFF on input line 4142.
Package hyperref Info: Hyper index ON on input line 4145.
Package hyperref Info: Plain pages OFF on input line 4152.
Package hyperref Info: Backreferencing OFF on input line 4157.
Package hyperref Info: Implicit mode ON; LaTeX internals redefined.
Package hyperref Info: Bookmarks ON on input line 4390.
\c@Hy@tempcnt=\count278

(C:\–ü—Ä–∏–ª–æ–∂–µ–Ω–∏—è\TeX\tex/latex/url\url.sty
\Urlmuskip=\muskip17
Package: url 2013/09/16  ver 3.4  Verb mode for urls, etc.
)
LaTeX Info: Redefining \url on input line 4749.
\XeTeXLinkMargin=\dimen163

(C:\–ü—Ä–∏–ª–æ–∂–µ–Ω–∏—è\TeX\tex/generic/bitset\bitset.sty
Package: bitset 2019/12/09 v1.3 Handle bit-vector datatype (HO)

(C:\–ü—Ä–∏–ª–æ–∂–µ–Ω–∏—è\TeX\tex/generic/bigintcalc\bigintcalc.sty
Package: bigintcalc 2019/12/15 v1.5 Expandable calculations on big integers (HO
)
))
\Fld@menulength=\count279
\Field@Width=\dimen164
\Fld@charsize=\dimen165
Package hyperref Info: Hyper figures OFF on input line 6027.
Package hyperref Info: Link nesting OFF on input line 6032.
Package hyperref Info: Hyper index ON on input line 6035.
Package hyperref Info: backreferencing OFF on input line 6042.
Package hyperref Info: Link coloring OFF on input line 6047.
Package hyperref Info: Link coloring with OCG OFF on input line 6052.
Package hyperref Info: PDF/A mode OFF on input line 6057.
LaTeX Info: Redefining \ref on input line 6097.
LaTeX Info: Redefining \pageref on input line 6101.

(C:\–ü—Ä–∏–ª–æ–∂–µ–Ω–∏—è\TeX\tex/latex/base\atbegshi-ltx.sty
Package: atbegshi-ltx 2021/01/10 v1.0c Emulation of the original atbegshi
package with kernel methods
)
\Hy@abspage=\count280
\c@Item=\count281
\c@Hfootnote=\count282
)
Package hyperref Info: Driver (autodetected): hpdftex.

(C:\–ü—Ä–∏–ª–æ–∂–µ–Ω–∏—è\TeX\tex/latex/hyperref\hpdftex.def
File: hpdftex.def 2022-02-21 v7.00n Hyperref driver for pdfTeX

(C:\–ü—Ä–∏–ª–æ–∂–µ–Ω–∏—è\TeX\tex/latex/base\atveryend-ltx.sty
Package: atveryend-ltx 2020/08/19 v1.0a Emulation of the original atveryend pac
kage
with kernel methods
)
\Fld@listcount=\count283
\c@bookmark@seq@number=\count284

(C:\–ü—Ä–∏–ª–æ–∂–µ–Ω–∏—è\TeX\tex/latex/rerunfilecheck\rerunfilecheck.sty
Package: rerunfilecheck 2019/12/05 v1.9 Rerun checks for auxiliary files (HO)

(C:\–ü—Ä–∏–ª–æ–∂–µ–Ω–∏—è\TeX\tex/generic/uniquecounter\uniquecounter.sty
Package: uniquecounter 2019/12/15 v1.4 Provide unlimited unique counter (HO)
)
Package uniquecounter Info: New unique counter `rerunfilecheck' on input line 2
86.
)
\Hy@SectionHShift=\skip53
)
(C:\–ü—Ä–∏–ª–æ–∂–µ–Ω–∏—è\TeX\tex/latex/bookmark\bookmark.sty
Package: bookmark 2020-11-06 v1.29 PDF bookmarks (HO)

(C:\–ü—Ä–∏–ª–æ–∂–µ–Ω–∏—è\TeX\tex/latex/bookmark\bkm-pdftex.def
File: bkm-pdftex.def 2020-11-06 v1.29 bookmark driver for pdfTeX (HO)
\BKM@id=\count285
))
Package hyperref Info: Option `unicode' set `true' on input line 767.
Package hyperref Info: Option `colorlinks' set `true' on input line 767.


Package hyperref Warning: Option `bookmarks' has already been used,
(hyperref)                setting the option has no effect on input line 767.

) (C:\–ü—Ä–∏–ª–æ–∂–µ–Ω–∏—è\TeX\tex/latex/graphics\color.sty
Package: color 2021/12/07 v1.3c Standard LaTeX Color (DPC)

(C:\–ü—Ä–∏–ª–æ–∂–µ–Ω–∏—è\TeX\tex/latex/graphics-cfg\color.cfg
File: color.cfg 2016/01/02 v1.6 sample color configuration
)
Package color Info: Driver file: pdftex.def on input line 149.
)
(C:\–ü—Ä–∏–ª–æ–∂–µ–Ω–∏—è\TeX\tex/latex/multirow\multirow.sty
Package: multirow 2021/03/15 v2.8 Span multiple rows of a table
\multirow@colwidth=\skip54
\multirow@cntb=\count286
\multirow@dima=\skip55
\bigstrutjot=\dimen166
)
(C:\–ü—Ä–∏–ª–æ–∂–µ–Ω–∏—è\TeX\tex/latex/supertabular\supertabular.sty
Package: supertabular 2020/02/02 v4.1g the supertabular environment
\c@tracingst=\count287
\ST@wd=\dimen167
\ST@rightskip=\skip56
\ST@leftskip=\skip57
\ST@parfillskip=\skip58
\ST@pageleft=\dimen168
\ST@headht=\dimen169
\ST@tailht=\dimen170
\ST@pagesofar=\dimen171
\ST@pboxht=\dimen172
\ST@lineht=\dimen173
\ST@prevht=\dimen174
\ST@toadd=\dimen175
\ST@dimen=\dimen176
\ST@pbox=\box52
)
(C:\–ü—Ä–∏–ª–æ–∂–µ–Ω–∏—è\TeX\tex/latex/tools\multicol.sty
Package: multicol 2021/10/28 v1.9b multicolumn formatting (FMi)
\c@tracingmulticols=\count288
\mult@box=\box53
\multicol@leftmargin=\dimen177
\c@unbalance=\count289
\c@collectmore=\count290
\doublecol@number=\count291
\multicoltolerance=\count292
\multicolpretolerance=\count293
\full@width=\dimen178
\page@free=\dimen179
\premulticols=\dimen180
\postmulticols=\dimen181
\multicolsep=\skip59
\multicolbaselineskip=\skip60
\partial@page=\box54
\last@line=\box55
\maxbalancingoverflow=\dimen182
\mult@rightbox=\box56
\mult@grightbox=\box57
\mult@firstbox=\box58
\mult@gfirstbox=\box59
\@tempa=\box60
\@tempa=\box61
\@tempa=\box62
\@tempa=\box63
\@tempa=\box64
\@tempa=\box65
\@tempa=\box66
\@tempa=\box67
\@tempa=\box68
\@tempa=\box69
\@tempa=\box70
\@tempa=\box71
\@tempa=\box72
\@tempa=\box73
\@tempa=\box74
\@tempa=\box75
\@tempa=\box76
\@tempa=\box77
\@tempa=\box78
\@tempa=\box79
\@tempa=\box80
\@tempa=\box81
\@tempa=\box82
\@tempa=\box83
\@tempa=\box84
\@tempa=\box85
\@tempa=\box86
\@tempa=\box87
\@tempa=\box88
\@tempa=\box89
\@tempa=\box90
\@tempa=\box91
\@tempa=\box92
\@tempa=\box93
\@tempa=\box94
\@tempa=\box95
\c@minrows=\count294
\c@columnbadness=\count295
\c@finalcolumnbadness=\count296
\last@try=\dimen183
\multicolovershoot=\dimen184
\multicolundershoot=\dimen185
\mult@nat@firstbox=\box96
\colbreak@box=\box97
\mc@col@check@num=\count297
)
(C:\–ü—Ä–∏–ª–æ–∂–µ–Ω–∏—è\TeX\tex/latex/caption\subcaption.sty
Package: subcaption 2022/01/07 v1.5 Sub-captions (AR)
\c@subfigure=\count298
\c@subtable=\count299
)
(C:\–ü—Ä–∏–ª–æ–∂–µ–Ω–∏—è\TeX\tex/latex/float\float.sty
Package: float 2001/11/08 v1.3d Float enhancements (AL)
\c@float@type=\count300
\float@exts=\toks30
\float@box=\box98
\@float@everytoks=\toks31
\@floatcapt=\box99
)
(C:\–ü—Ä–∏–ª–æ–∂–µ–Ω–∏—è\TeX\tex/latex/xcolor\xcolor.sty
Package: xcolor 2021/10/31 v2.13 LaTeX color extensions (UK)

(C:\–ü—Ä–∏–ª–æ–∂–µ–Ω–∏—è\TeX\tex/latex/graphics-cfg\color.cfg
File: color.cfg 2016/01/02 v1.6 sample color configuration
)
Package xcolor Info: Driver file: pdftex.def on input line 227.
LaTeX Info: Redefining \color on input line 711.
Package xcolor Info: Model `cmy' substituted by `cmy0' on input line 1352.
Package xcolor Info: Model `hsb' substituted by `rgb' on input line 1356.
Package xcolor Info: Model `RGB' extended on input line 1368.
Package xcolor Info: Model `HTML' substituted by `rgb' on input line 1370.
Package xcolor Info: Model `Hsb' substituted by `hsb' on input line 1371.
Package xcolor Info: Model `tHsb' substituted by `hsb' on input line 1372.
Package xcolor Info: Model `HSB' substituted by `hsb' on input line 1373.
Package xcolor Info: Model `Gray' substituted by `gray' on input line 1374.
Package xcolor Info: Model `wave' substituted by `hsb' on input line 1375.
)
(C:\–ü—Ä–∏–ª–æ–∂–µ–Ω–∏—è\TeX\tex/latex/colortbl\colortbl.sty
Package: colortbl 2020/01/04 v1.0e Color table columns (DPC)

(C:\–ü—Ä–∏–ª–æ–∂–µ–Ω–∏—è\TeX\tex/latex/tools\array.sty
Package: array 2021/10/04 v2.5f Tabular extension package (FMi)
\col@sep=\dimen186
\ar@mcellbox=\box100
\extrarowheight=\dimen187
\NC@list=\toks32
\extratabsurround=\skip61
\backup@length=\skip62
\ar@cellbox=\box101
)
\everycr=\toks33
\minrowclearance=\skip63
)
(C:\–ü—Ä–∏–ª–æ–∂–µ–Ω–∏—è\TeX\tex/latex/algorithms\algorithm.sty
Package: algorithm 2009/08/24 v0.1 Document Style `algorithm' - floating enviro
nment

(C:\–ü—Ä–∏–ª–æ–∂–µ–Ω–∏—è\TeX\tex/latex/base\ifthen.sty
Package: ifthen 2020/11/24 v1.1c Standard LaTeX ifthen package (DPC)
)
\@float@every@algorithm=\toks34
\c@algorithm=\count301
)
(C:\–ü—Ä–∏–ª–æ–∂–µ–Ω–∏—è\TeX\tex/latex/algorithmicx\algpseudocode.sty
Package: algpseudocode 

(C:\–ü—Ä–∏–ª–æ–∂–µ–Ω–∏—è\TeX\tex/latex/algorithmicx\algorithmicx.sty
Package: algorithmicx 2005/04/27 v1.2 Algorithmicx

Document Style algorithmicx 1.2 - a greatly improved `algorithmic' style
\c@ALG@line=\count302
\c@ALG@rem=\count303
\c@ALG@nested=\count304
\ALG@tlm=\skip64
\ALG@thistlm=\skip65
\c@ALG@Lnr=\count305
\c@ALG@blocknr=\count306
\c@ALG@storecount=\count307
\c@ALG@tmpcounter=\count308
\ALG@tmplength=\skip66
)
Document Style - pseudocode environments for use with the `algorithmicx' style
) (C:\–ü—Ä–∏–ª–æ–∂–µ–Ω–∏—è\TeX\tex/latex/comment\comment.sty
\CommentStream=\write3

Excluding comment 'comment')
(C:\–ü—Ä–∏–ª–æ–∂–µ–Ω–∏—è\TeX\tex/latex/enumitem\enumitem.sty
Package: enumitem 2019/06/20 v3.9 Customized lists
\labelindent=\skip67
\enit@outerparindent=\dimen188
\enit@toks=\toks35
\enit@inbox=\box102
\enit@count@id=\count309
\enitdp@description=\count310
)
\c@STEPi=\count311
\enitdp@STEP=\count312

(C:\–ü—Ä–∏–ª–æ–∂–µ–Ω–∏—è\TeX\tex/latex/l3backend\l3backend-pdftex.def
File: l3backend-pdftex.def 2022-02-07 L3 backend support: PDF output (pdfTeX)
\l__color_backend_stack_int=\count313
\l__pdf_internal_box=\box103
)
(–û—Ç—á–µ—Ç –ø–æ –ø—Ä–∞–∫—Ç–∏–∫–µ.aux
LaTeX Font Info:    Trying to load font information for T2A+cmr on input line 2
3.

(C:\–ü—Ä–∏–ª–æ–∂–µ–Ω–∏—è\TeX\tex/latex/cyrillic\t2acmr.fd
File: t2acmr.fd 2001/08/11 v1.0a Computer Modern Cyrillic font definitions
)<<t2a.cmap>>)
\openout1 = `"–û—Ç—á–µ—Ç –ø–æ –ø—Ä–∞–∫—Ç–∏–∫–µ.aux"'.

LaTeX Font Info:    Checking defaults for OML/cmm/m/it on input line 46.
LaTeX Font Info:    ... okay on input line 46.
LaTeX Font Info:    Checking defaults for OMS/cmsy/m/n on input line 46.
LaTeX Font Info:    ... okay on input line 46.
LaTeX Font Info:    Checking defaults for OT1/cmr/m/n on input line 46.
LaTeX Font Info:    ... okay on input line 46.
LaTeX Font Info:    Checking defaults for T1/cmr/m/n on input line 46.
LaTeX Font Info:    ... okay on input line 46.
LaTeX Font Info:    Checking defaults for TS1/cmr/m/n on input line 46.
LaTeX Font Info:    ... okay on input line 46.
LaTeX Font Info:    Checking defaults for OMX/cmex/m/n on input line 46.
LaTeX Font Info:    ... okay on input line 46.
LaTeX Font Info:    Checking defaults for U/cmr/m/n on input line 46.
LaTeX Font Info:    ... okay on input line 46.
LaTeX Font Info:    Checking defaults for T2A/cmr/m/n on input line 46.
LaTeX Font Info:    ... okay on input line 46.
LaTeX Font Info:    Checking defaults for PD1/pdf/m/n on input line 46.
LaTeX Font Info:    ... okay on input line 46.
LaTeX Font Info:    Checking defaults for PU/pdf/m/n on input line 46.
LaTeX Font Info:    ... okay on input line 46.
LaTeX Info: Redefining \th on input line 46.
Package caption Info: Begin \AtBeginDocument code.
Package caption Info: float package is loaded.
Package caption Info: hyperref package is loaded.
Package caption Info: supertabular package is loaded.
Package caption Info: End \AtBeginDocument code.

(C:\–ü—Ä–∏–ª–æ–∂–µ–Ω–∏—è\TeX\tex/context/base/mkii\supp-pdf.mkii
[Loading MPS to PDF converter (version 2006.09.02).]
\scratchcounter=\count314
\scratchdimen=\dimen189
\scratchbox=\box104
\nofMPsegments=\count315
\nofMParguments=\count316
\everyMPshowfont=\toks36
\MPscratchCnt=\count317
\MPscratchDim=\dimen190
\MPnumerator=\count318
\makeMPintoPDFobject=\count319
\everyMPtoPDFconversion=\toks37
) (C:\–ü—Ä–∏–ª–æ–∂–µ–Ω–∏—è\TeX\tex/latex/epstopdf-pkg\epstopdf-base.sty
Package: epstopdf-base 2020-01-24 v2.11 Base part for package epstopdf
Package epstopdf-base Info: Redefining graphics rule for `.eps' on input line 4
85.

(C:\–ü—Ä–∏–ª–æ–∂–µ–Ω–∏—è\TeX\tex/latex/00miktex\epstopdf-sys.cfg
File: epstopdf-sys.cfg 2021/03/18 v2.0 Configuration of epstopdf for MiKTeX
))
Package hyperref Info: Link coloring ON on input line 46.

(C:\–ü—Ä–∏–ª–æ–∂–µ–Ω–∏—è\TeX\tex/latex/hyperref\nameref.sty
Package: nameref 2021-04-02 v2.47 Cross-referencing by name of section

(C:\–ü—Ä–∏–ª–æ–∂–µ–Ω–∏—è\TeX\tex/latex/refcount\refcount.sty
Package: refcount 2019/12/15 v3.6 Data extraction from label references (HO)
)
(C:\–ü—Ä–∏–ª–æ–∂–µ–Ω–∏—è\TeX\tex/generic/gettitlestring\gettitlestring.sty
Package: gettitlestring 2019/12/15 v1.6 Cleanup title references (HO)
)
\c@section@level=\count320
)
LaTeX Info: Redefining \ref on input line 46.
LaTeX Info: Redefining \pageref on input line 46.
LaTeX Info: Redefining \nameref on input line 46.


pdfTeX warning: pdflatex.exe (file ./style//emblema.pdf): PDF inclusion: found 
PDF version <1.6>, but at most version <1.5> allowed
<./style//emblema.pdf, id=4, 476.01839pt x 534.79799pt>
File: ./style//emblema.pdf Graphic file (type pdf)
<use ./style//emblema.pdf>
Package pdftex.def Info: ./style//emblema.pdf  used on input line 48.
(pdftex.def)             Requested size: 66.6421pt x 74.8712pt.
<<ot1.cmap>><<oml.cmap>><<oms.cmap>><<omx.cmap>>
LaTeX Font Info:    Trying to load font information for U+msa on input line 48.


(C:\–ü—Ä–∏–ª–æ–∂–µ–Ω–∏—è\TeX\tex/latex/amsfonts\umsa.fd
File: umsa.fd 2013/01/14 v3.01 AMS symbols A
)
LaTeX Font Info:    Trying to load font information for U+msb on input line 48.


(C:\–ü—Ä–∏–ª–æ–∂–µ–Ω–∏—è\TeX\tex/latex/amsfonts\umsb.fd
File: umsb.fd 2013/01/14 v3.01 AMS symbols B
)

LaTeX Font Warning: Font shape `T2A/cmr/m/n' in size <18> not available
(Font)              size <17.28> substituted on input line 48.


LaTeX Font Warning: Font shape `T2A/cmr/bx/n' in size <18> not available
(Font)              size <17.28> substituted on input line 48.


LaTeX Font Warning: Font shape `T2A/cmr/m/it' in size <18> not available
(Font)              size <17.28> substituted on input line 48.


LaTeX Font Warning: Font shape `T2A/cmr/bx/it' in size <18> not available
(Font)              size <17.28> substituted on input line 48.

[1

{C:/Users/griho/AppData/Local/MiKTeX/fonts/map/pdftex/pdftex.map} <./style//emb
lema.pdf>] (–û—Ç—á–µ—Ç –ø–æ –ø—Ä–∞–∫—Ç–∏–∫–µ.toc)
\tf@toc=\write4
\openout4 = `"–û—Ç—á–µ—Ç –ø–æ –ø—Ä–∞–∫—Ç–∏–∫–µ.toc"'.

<<t1.cmap>> [2] [3]

Package hyperref Warning: Token not allowed in a PDF string (Unicode):
(hyperref)                removing `\hss' on input line 85.


Package hyperref Warning: Token not allowed in a PDF string (Unicode):
(hyperref)                removing `\hss' on input line 100.

[4] [5] [6]

Package hyperref Warning: Token not allowed in a PDF string (Unicode):
(hyperref)                removing `\hss' on input line 177.


Package hyperref Warning: Token not allowed in a PDF string (Unicode):
(hyperref)                removing `\hss' on input line 179.


Overfull \hbox (0.77524pt too wide) in paragraph at lines 182--183
[]\T2A/cmr/m/n/12 –Â¯ÂÌËÂ ËÒ-ıÓ‰-ÌÓÈ Á‡-‰‡-˜Ë ÏÂ-ÚÓ-‰ÓÏ ÔÂ-Â-·Ó-‡ ÔÂ‰-ÒÚ‡‚-Î
Â-ÌÓ ‰Îˇ ÔÓÎ¸-ÁÓ-‚‡-ÚÂ-Îˇ ÙÛÌÍ-
 []

\@mysp=\skip68
\@myspinner=\skip69
LaTeX Info: Redefining \textso on input line 184.
LaTeX Info: Redefining \textso on input line 184.

Package hyperref Warning: Token not allowed in a PDF string (Unicode):
(hyperref)                removing `\hss' on input line 188.

\@mysp=\skip70
\@myspinner=\skip71
LaTeX Info: Redefining \textso on input line 189.
LaTeX Info: Redefining \textso on input line 189.
[7]

Package hyperref Warning: Token not allowed in a PDF string (Unicode):
(hyperref)                removing `\hss' on input line 193.

[8]
\@mysp=\skip72
\@myspinner=\skip73
LaTeX Info: Redefining \textso on input line 237.
LaTeX Info: Redefining \textso on input line 237.

Overfull \hbox (7.31233pt too wide) in paragraph at lines 237--238
[]\T2A/cmr/m/n/12 “ ‡ -Í Ó Â  Â -¯ Â -Ì Ë Â  ‡ -· Ó -Ú ‡ -Â Ú Á ‡ [] , Ú ‡ Í 
Í ‡ Í [] Ï Ó -„ Û Ú · ˚ Ú ¸ Ó ˜ Â Ì ¸ · Ó Î ¸ -¯ Ë -Ï Ë , ‡ [] . 
 []

[9]

Package hyperref Warning: Token not allowed in a PDF string (Unicode):
(hyperref)                removing `\hss' on input line 262.


Package hyperref Warning: Token not allowed in a PDF string (Unicode):
(hyperref)                removing `\hss' on input line 264.


Package hyperref Warning: Token not allowed in a PDF string (Unicode):
(hyperref)                removing `\hss' on input line 267.


Package hyperref Warning: Token not allowed in a PDF string (Unicode):
(hyperref)                removing `\hss' on input line 270.

[10] [11] [12]
<./figures//plot1.jpg, id=165, 405.01312pt x 238.39063pt>
File: ./figures//plot1.jpg Graphic file (type jpg)
<use ./figures//plot1.jpg>
Package pdftex.def Info: ./figures//plot1.jpg  used on input line 499.
(pdftex.def)             Requested size: 324.01093pt x 190.71274pt.
<./figures//plot2.jpg, id=166, 405.01312pt x 235.88126pt>
File: ./figures//plot2.jpg Graphic file (type jpg)
<use ./figures//plot2.jpg>
Package pdftex.def Info: ./figures//plot2.jpg  used on input line 504.
(pdftex.def)             Requested size: 324.01093pt x 188.70525pt.
<./figures//plot3.jpg, id=167, 405.01312pt x 235.88126pt>
File: ./figures//plot3.jpg Graphic file (type jpg)
<use ./figures//plot3.jpg>
Package pdftex.def Info: ./figures//plot3.jpg  used on input line 509.
(pdftex.def)             Requested size: 324.01093pt x 188.70525pt.
 [13 <./figures//plot1.jpg>]
<./figures//plot4.jpg, id=174, 405.01312pt x 238.39063pt>
File: ./figures//plot4.jpg Graphic file (type jpg)
<use ./figures//plot4.jpg>
Package pdftex.def Info: ./figures//plot4.jpg  used on input line 514.
(pdftex.def)             Requested size: 324.01093pt x 190.71274pt.
 [14 <./figures//plot2.jpg> <./figures//plot3.jpg> <./figures//plot4.jpg>] [15]

Underfull \hbox (badness 10000) in paragraph at lines 527--528
[]\T2A/cmr/m/n/12 ƒËÌ‡ÏË˜ÂÒÍÓÂ ÔÓ-„‡Ï-ÏË-Ó-‚‡-ÌËÂ // ¬Ë-ÍË-ÔÂ-‰Ëˇ. —‚Ó-
 []


Underfull \hbox (badness 10000) in paragraph at lines 527--528
\T2A/cmr/m/n/12 ·Ó‰-Ì‡ˇ ˝Ì-ˆËÍ-ÎÓ-ÔÂ-‰Ëˇ. [›ÎÂÍ-ÚÓÌ-Ì˚È Â-ÒÛÒ] URL:
 []


Underfull \hbox (badness 10000) in paragraph at lines 527--528
\T2A/cmr/m/n/12 https://ru.m.wikipedia.org/wiki/ƒËÌ‡ÏË˜ÂÒÍÓÂ_ÔÓ„‡ÏÏËÓ‚‡ÌËÂ (
‰‡-Ú‡ Ó·-
 []


Underfull \hbox (badness 3826) in paragraph at lines 528--529
[]\T2A/cmr/m/n/12 «‡‰‡˜‡ Ó ˛Í-Á‡-ÍÂ // ”ÌË-‚Â-ÒË-ÚÂÚ »“-ÃŒ. [›ÎÂÍ-ÚÓÌ-Ì˚È Â
-ÒÛÒ] URL:
 []


Underfull \hbox (badness 1052) in paragraph at lines 528--529
\T2A/cmr/m/n/12 http://neerc.ifmo.ru/wiki/index.php?title=«‡‰‡˜‡_Ó_˛ÍÁ‡ÍÂ (‰‡-
Ú‡ Ó·-‡-˘Â-ÌËˇ:
 []


Underfull \hbox (badness 6016) in paragraph at lines 529--530
[]\T2A/cmr/m/n/12 Bounded Knapsack Algorithm [›ÎÂÍ-ÚÓÌ-Ì˚È Â-ÒÛÒ] / Givens B
. URL:
 []

[16] (–û—Ç—á–µ—Ç –ø–æ –ø—Ä–∞–∫—Ç–∏–∫–µ.aux)

LaTeX Font Warning: Size substitutions with differences
(Font)              up to 0.72pt have occurred.

 )
(\end occurred inside a group at level 1)

### simple group (level 1) entered at line 519 ({)
### bottom level 
Here is how much of TeX's memory you used:
 15929 strings out of 478582
 249744 string characters out of 2852317
 574647 words of memory out of 3000000
 33686 multiletter control sequences out of 15000+600000
 501051 words of font info for 103 fonts, out of 8000000 for 9000
 1141 hyphenation exceptions out of 8191
 75i,13n,77p,1559b,484s stack positions out of 10000i,1000n,20000p,200000b,80000s
 <C:\Users\griho\AppData\Local\MiKTeX\fonts/pk/ljfour/lh/lh-t2a
/dpi600\labx1000.pk> <C:\Users\griho\AppData\Local\MiKTeX\fonts/pk/ljfour/lh/lh
-t2a/dpi600\labx1095.pk> <C:\Users\griho\AppData\Local\MiKTeX\fonts/pk/ljfour/l
h/lh-t2a/dpi600\larm0700.pk> <C:\Users\griho\AppData\Local\MiKTeX\fonts/pk/ljfo
ur/lh/lh-t2a/dpi600\larm0800.pk> <C:\Users\griho\AppData\Local\MiKTeX\fonts/pk/
ljfour/lh/lh-t2a/dpi600\lati1200.pk> <C:\Users\griho\AppData\Local\MiKTeX\fonts
/pk/ljfour/lh/lh-t2a/dpi600\labx1200.pk> <C:\Users\griho\AppData\Local\MiKTeX\f
onts/pk/ljfour/lh/lh-t2a/dpi600\larm1440.pk> <C:\Users\griho\AppData\Local\MiKT
eX\fonts/pk/ljfour/lh/lh-t2a/dpi600\larm1000.pk> <C:\Users\griho\AppData\Local\
MiKTeX\fonts/pk/ljfour/lh/lh-t2a/dpi600\larm1095.pk> <C:\Users\griho\AppData\Lo
cal\MiKTeX\fonts/pk/ljfour/lh/lh-t2a/dpi600\labi1728.pk> <C:\Users\griho\AppDat
a\Local\MiKTeX\fonts/pk/ljfour/lh/lh-t2a/dpi600\labx1728.pk> <C:\Users\griho\Ap
pData\Local\MiKTeX\fonts/pk/ljfour/lh/lh-t2a/dpi600\larm1200.pk> <C:\Users\grih
o\AppData\Local\MiKTeX\fonts/pk/ljfour/lh/lh-t2a/dpi600\labx0900.pk><C:/–ü—Ä–∏–
ª–æ–∂–µ–Ω–∏—è/TeX/fonts/type1/public/amsfonts/cm/cmex10.pfb><C:/–ü—Ä–∏–ª–æ–∂–µ–
Ω–∏—è/TeX/fonts/type1/public/amsfonts/cm/cmmi10.pfb><C:/–ü—Ä–∏–ª–æ–∂–µ–Ω–∏—è/Te
X/fonts/type1/public/amsfonts/cm/cmmi12.pfb><C:/–ü—Ä–∏–ª–æ–∂–µ–Ω–∏—è/TeX/fonts/
type1/public/amsfonts/cm/cmmi6.pfb><C:/–ü—Ä–∏–ª–æ–∂–µ–Ω–∏—è/TeX/fonts/type1/pub
lic/amsfonts/cm/cmmi7.pfb><C:/–ü—Ä–∏–ª–æ–∂–µ–Ω–∏—è/TeX/fonts/type1/public/amsfo
nts/cm/cmmi8.pfb><C:/–ü—Ä–∏–ª–æ–∂–µ–Ω–∏—è/TeX/fonts/type1/public/amsfonts/cm/cm
r12.pfb><C:/–ü—Ä–∏–ª–æ–∂–µ–Ω–∏—è/TeX/fonts/type1/public/amsfonts/cm/cmr8.pfb><C
:/–ü—Ä–∏–ª–æ–∂–µ–Ω–∏—è/TeX/fonts/type1/public/amsfonts/cm/cmsy10.pfb><C:/–ü—Ä–∏
–ª–æ–∂–µ–Ω–∏—è/TeX/fonts/type1/public/amsfonts/cm/cmsy8.pfb><C:/–ü—Ä–∏–ª–æ–∂–µ–
Ω–∏—è/TeX/fonts/type1/public/amsfonts/symbols/msam10.pfb>
Output written on "–û—Ç—á–µ—Ç –ø–æ –ø—Ä–∞–∫—Ç–∏–∫–µ.pdf" (16 pages, 624157 byte
s).
PDF statistics:
 860 PDF objects out of 1000 (max. 8388607)
 73 named destinations out of 1000 (max. 500000)
 154 words of extra memory for PDF output out of 10000 (max. 10000000)

